  [1m[35m (0.1ms)[0m  [1m[34mSELECT sqlite_version(*)[0m
  [1m[35m (22.9ms)[0m  [1m[35mCREATE TABLE "schema_migrations" ("version" varchar NOT NULL PRIMARY KEY)[0m
  [1m[35m (10.7ms)[0m  [1m[35mCREATE TABLE "ar_internal_metadata" ("key" varchar NOT NULL PRIMARY KEY, "value" varchar, "created_at" datetime NOT NULL, "updated_at" datetime NOT NULL)[0m
  [1m[35m (0.1ms)[0m  [1m[34mSELECT "schema_migrations"."version" FROM "schema_migrations" ORDER BY "schema_migrations"."version" ASC[0m
Migrating to CreateUsers (20171103140552)
  [1m[35m (0.1ms)[0m  [1m[36mbegin transaction[0m
  [1m[35m (0.3ms)[0m  [1m[35mCREATE TABLE "users" ("id" INTEGER PRIMARY KEY AUTOINCREMENT NOT NULL, "name" varchar, "created_at" datetime NOT NULL, "updated_at" datetime NOT NULL)[0m
  [1m[35mSQL (0.2ms)[0m  [1m[32mINSERT INTO "schema_migrations" ("version") VALUES (?)[0m  [["version", "20171103140552"]]
  [1m[35m (16.1ms)[0m  [1m[36mcommit transaction[0m
Migrating to CreateEvents (20171103140810)
  [1m[35m (0.1ms)[0m  [1m[36mbegin transaction[0m
  [1m[35m (0.4ms)[0m  [1m[35mCREATE TABLE "events" ("id" INTEGER PRIMARY KEY AUTOINCREMENT NOT NULL, "description" text, "date" datetime, "place" varchar, "created_at" datetime NOT NULL, "updated_at" datetime NOT NULL)[0m
  [1m[35mSQL (0.2ms)[0m  [1m[32mINSERT INTO "schema_migrations" ("version") VALUES (?)[0m  [["version", "20171103140810"]]
  [1m[35m (16.5ms)[0m  [1m[36mcommit transaction[0m
  [1m[36mActiveRecord::InternalMetadata Load (0.2ms)[0m  [1m[34mSELECT  "ar_internal_metadata".* FROM "ar_internal_metadata" WHERE "ar_internal_metadata"."key" = ? LIMIT ?[0m  [["key", "environment"], ["LIMIT", 1]]
  [1m[35m (0.1ms)[0m  [1m[36mbegin transaction[0m
  [1m[35mSQL (0.3ms)[0m  [1m[32mINSERT INTO "ar_internal_metadata" ("key", "value", "created_at", "updated_at") VALUES (?, ?, ?, ?)[0m  [["key", "environment"], ["value", "development"], ["created_at", "2017-11-03 14:08:42.449862"], ["updated_at", "2017-11-03 14:08:42.449862"]]
  [1m[35m (7.8ms)[0m  [1m[36mcommit transaction[0m
  [1m[35m (0.1ms)[0m  [1m[34mSELECT "schema_migrations"."version" FROM "schema_migrations" ORDER BY "schema_migrations"."version" ASC[0m
Started GET "/" for 127.0.0.1 at 2017-11-03 15:27:01 +0100
  [1m[35m (0.2ms)[0m  [1m[34mSELECT "schema_migrations"."version" FROM "schema_migrations" ORDER BY "schema_migrations"."version" ASC[0m
Processing by Rails::WelcomeController#index as HTML
  Rendering /var/lib/gems/2.3.0/gems/railties-5.1.2/lib/rails/templates/rails/welcome/index.html.erb
  Rendered /var/lib/gems/2.3.0/gems/railties-5.1.2/lib/rails/templates/rails/welcome/index.html.erb (3.3ms)
Completed 200 OK in 15ms (Views: 6.8ms | ActiveRecord: 0.0ms)


Started GET "/users/new" for 127.0.0.1 at 2017-11-03 17:59:59 +0100
Processing by UsersController#new as HTML
  Rendering users/new.html.erb within layouts/application
  Rendered users/new.html.erb within layouts/application (2.2ms)
Completed 500 Internal Server Error in 5ms


  
ActionView::Template::Error (First argument in form cannot contain nil or be empty):
    3: 
    4: <div class="row">
    5:   <div class="col-md-6 col-md-offset-3">
    6:     <%= form_for(@user) do |f| %>
    7: 
    8:       <%= f.label :email %>
    9:       <%= f.email_field :email %>
  
app/views/users/new.html.erb:6:in `_app_views_users_new_html_erb___3619328557322198978_28580840'
Started GET "/users/" for 127.0.0.1 at 2017-11-03 18:04:19 +0100
Processing by UsersController#index as HTML
  Rendering users/index.html.erb within layouts/application
  Rendered users/index.html.erb within layouts/application (0.3ms)
Completed 200 OK in 501ms (Views: 498.8ms)


Started GET "/users/new" for 127.0.0.1 at 2017-11-03 18:04:26 +0100
Processing by UsersController#new as HTML
  Rendering users/new.html.erb within layouts/application
  Rendered users/new.html.erb within layouts/application (17.9ms)
Completed 500 Internal Server Error in 36ms (ActiveRecord: 1.7ms)


  
ActionView::Template::Error (undefined method `email' for #<User id: nil, name: nil, created_at: nil, updated_at: nil>):
     6:     <%= form_for(@user) do |f| %>
     7: 
     8:       <%= f.label :email %>
     9:       <%= f.email_field :email %>
    10: 
    11:       <%= f.label :password %>
    12:       <%= f.password_field :password %>
  
app/views/users/new.html.erb:9:in `block in _app_views_users_new_html_erb___3619328557322198978_70003018368620'
app/views/users/new.html.erb:6:in `_app_views_users_new_html_erb___3619328557322198978_70003018368620'
Started GET "/users/new" for 127.0.0.1 at 2017-11-03 18:09:20 +0100
Processing by UsersController#new as HTML
  Rendering users/new.html.erb within layouts/application
  Rendered users/new.html.erb within layouts/application (1.8ms)
Completed 200 OK in 21ms (Views: 19.9ms | ActiveRecord: 0.0ms)


Started GET "/users/new" for 127.0.0.1 at 2017-11-03 18:12:30 +0100
Processing by UsersController#new as HTML
  Rendering users/new.html.erb within layouts/application
  Rendered users/new.html.erb within layouts/application (111.7ms)
Completed 500 Internal Server Error in 116ms (ActiveRecord: 0.0ms)


  
ActionView::Template::Error (undefined method `name_field' for #<ActionView::Helpers::FormBuilder:0x0000000279f458>
Did you mean?  number_field
               range_field
               time_field
               date_field):
     6:     <%= form_for(@user) do |f| %>
     7: 
     8:       <%= f.label :name %>
     9:       <%= f.name_field :name %>
    10: 
    11:       <%= f.submit "Create my account", class: "btn btn-primary" %>
    12:     <% end %>
  
app/views/users/new.html.erb:9:in `block in _app_views_users_new_html_erb___3619328557322198978_15680920'
app/views/users/new.html.erb:6:in `_app_views_users_new_html_erb___3619328557322198978_15680920'
Started GET "/users/new" for 127.0.0.1 at 2017-11-03 18:12:41 +0100
Processing by UsersController#new as HTML
  Rendering users/new.html.erb within layouts/application
  Rendered users/new.html.erb within layouts/application (1.2ms)
Completed 200 OK in 18ms (Views: 16.8ms | ActiveRecord: 0.0ms)


Started GET "/events/new" for 127.0.0.1 at 2017-11-03 18:32:58 +0100
Processing by EventsController#new as HTML
  Rendering events/new.html.erb within layouts/application
  Rendered events/new.html.erb within layouts/application (1.6ms)
Completed 500 Internal Server Error in 4ms


  
ActionView::Template::Error (First argument in form cannot contain nil or be empty):
    3: 
    4: <div class="row">
    5:   <div class="col-md-6 col-md-offset-3">
    6:     <%= form_for(@user) do |f| %>
    7: 
    8:       <%= f.label :date %>
    9:       <%= f.email_field :date %>
  
app/views/events/new.html.erb:6:in `_app_views_events_new_html_erb__866715199404980436_70003013398340'
Started GET "/events/new" for 127.0.0.1 at 2017-11-03 18:33:14 +0100
Processing by EventsController#new as HTML
  Rendering events/new.html.erb within layouts/application
  Rendered events/new.html.erb within layouts/application (2.0ms)
Completed 500 Internal Server Error in 5ms


  
ActionView::Template::Error (First argument in form cannot contain nil or be empty):
    3: 
    4: <div class="row">
    5:   <div class="col-md-6 col-md-offset-3">
    6:     <%= form_for(@events) do |f| %>
    7: 
    8:       <%= f.label :date %>
    9:       <%= f.email_field :date %>
  
app/views/events/new.html.erb:6:in `_app_views_events_new_html_erb__866715199404980436_70003021503920'
Started GET "/events/new" for 127.0.0.1 at 2017-11-03 18:33:14 +0100
Processing by EventsController#new as HTML
  Rendering events/new.html.erb within layouts/application
  Rendered events/new.html.erb within layouts/application (2.2ms)
Completed 500 Internal Server Error in 6ms


  
ActionView::Template::Error (First argument in form cannot contain nil or be empty):
    3: 
    4: <div class="row">
    5:   <div class="col-md-6 col-md-offset-3">
    6:     <%= form_for(@events) do |f| %>
    7: 
    8:       <%= f.label :date %>
    9:       <%= f.email_field :date %>
  
app/views/events/new.html.erb:6:in `_app_views_events_new_html_erb__866715199404980436_70003013721500'
Started GET "/events/new" for 127.0.0.1 at 2017-11-03 18:33:21 +0100
Processing by EventsController#new as HTML
  Rendering events/new.html.erb within layouts/application
  Rendered events/new.html.erb within layouts/application (1.1ms)
Completed 500 Internal Server Error in 3ms


  
ActionView::Template::Error (First argument in form cannot contain nil or be empty):
    3: 
    4: <div class="row">
    5:   <div class="col-md-6 col-md-offset-3">
    6:     <%= form_for(@event) do |f| %>
    7: 
    8:       <%= f.label :date %>
    9:       <%= f.email_field :date %>
  
app/views/events/new.html.erb:6:in `_app_views_events_new_html_erb__866715199404980436_70003022418440'
Started GET "/events/new" for 127.0.0.1 at 2017-11-03 18:38:45 +0100
Processing by EventsController#new as HTML
  Rendering events/new.html.erb within layouts/application
  Rendered events/new.html.erb within layouts/application (2.9ms)
Completed 200 OK in 38ms (Views: 18.2ms | ActiveRecord: 0.7ms)


Started GET "/events/new" for 127.0.0.1 at 2017-11-03 18:39:25 +0100
Processing by EventsController#new as HTML
  Rendering events/new.html.erb within layouts/application
  Rendered events/new.html.erb within layouts/application (1.3ms)
Completed 500 Internal Server Error in 4ms (ActiveRecord: 0.0ms)


  
ActionView::Template::Error (First argument in form cannot contain nil or be empty):
    3: 
    4: <div class="row">
    5:   <div class="col-md-6 col-md-offset-3">
    6:     <%= form_for(@events) do |f| %>
    7: 
    8:       <%= f.label :date %>
    9:       <%= f.email_field :date %>
  
app/views/events/new.html.erb:6:in `_app_views_events_new_html_erb__866715199404980436_70003034546120'
Started GET "/events/new" for 127.0.0.1 at 2017-11-03 18:39:34 +0100
Processing by EventsController#new as HTML
  Rendering events/new.html.erb within layouts/application
  Rendered events/new.html.erb within layouts/application (2.4ms)
Completed 500 Internal Server Error in 7ms (ActiveRecord: 0.0ms)


  
ActionView::Template::Error (First argument in form cannot contain nil or be empty):
    3: 
    4: <div class="row">
    5:   <div class="col-md-6 col-md-offset-3">
    6:     <%= form_for(@events) do |f| %>
    7: 
    8:       <%= f.label :date %>
    9:       <%= f.email_field :date %>
  
app/views/events/new.html.erb:6:in `_app_views_events_new_html_erb__866715199404980436_70003104266040'
Started GET "/events/new" for 127.0.0.1 at 2017-11-03 18:39:35 +0100
Processing by EventsController#new as HTML
  Rendering events/new.html.erb within layouts/application
  Rendered events/new.html.erb within layouts/application (2.3ms)
Completed 500 Internal Server Error in 6ms (ActiveRecord: 0.0ms)


  
ActionView::Template::Error (First argument in form cannot contain nil or be empty):
    3: 
    4: <div class="row">
    5:   <div class="col-md-6 col-md-offset-3">
    6:     <%= form_for(@events) do |f| %>
    7: 
    8:       <%= f.label :date %>
    9:       <%= f.email_field :date %>
  
app/views/events/new.html.erb:6:in `_app_views_events_new_html_erb__866715199404980436_70003020585940'
Started GET "/events/new" for 127.0.0.1 at 2017-11-03 18:39:45 +0100
Processing by EventsController#new as HTML
  Rendering events/new.html.erb within layouts/application
  Rendered events/new.html.erb within layouts/application (1.2ms)
Completed 500 Internal Server Error in 4ms (ActiveRecord: 0.0ms)


  
ActionView::Template::Error (First argument in form cannot contain nil or be empty):
    3: 
    4: <div class="row">
    5:   <div class="col-md-6 col-md-offset-3">
    6:     <%= form_for(@events) do |f| %>
    7: 
    8:       <%= f.label :date %>
    9:       <%= f.email_field :date %>
  
app/views/events/new.html.erb:6:in `_app_views_events_new_html_erb__866715199404980436_70003014963980'
Started GET "/events/new" for 127.0.0.1 at 2017-11-03 18:39:45 +0100
Processing by EventsController#new as HTML
  Rendering events/new.html.erb within layouts/application
  Rendered events/new.html.erb within layouts/application (1.4ms)
Completed 500 Internal Server Error in 5ms (ActiveRecord: 0.0ms)


  
ActionView::Template::Error (First argument in form cannot contain nil or be empty):
    3: 
    4: <div class="row">
    5:   <div class="col-md-6 col-md-offset-3">
    6:     <%= form_for(@events) do |f| %>
    7: 
    8:       <%= f.label :date %>
    9:       <%= f.email_field :date %>
  
app/views/events/new.html.erb:6:in `_app_views_events_new_html_erb__866715199404980436_70003019318720'
Started GET "/events/new" for 127.0.0.1 at 2017-11-03 18:39:51 +0100
Processing by EventsController#new as HTML
  Rendering events/new.html.erb within layouts/application
  Rendered events/new.html.erb within layouts/application (1.2ms)
Completed 500 Internal Server Error in 4ms (ActiveRecord: 0.0ms)


  
ActionView::Template::Error (First argument in form cannot contain nil or be empty):
    3: 
    4: <div class="row">
    5:   <div class="col-md-6 col-md-offset-3">
    6:     <%= form_for(@events) do |f| %>
    7: 
    8:       <%= f.label :date %>
    9:       <%= f.email_field :date %>
  
app/views/events/new.html.erb:6:in `_app_views_events_new_html_erb__866715199404980436_70003013338380'
Started GET "/events/new" for 127.0.0.1 at 2017-11-03 18:39:52 +0100
Processing by EventsController#new as HTML
  Rendering events/new.html.erb within layouts/application
  Rendered events/new.html.erb within layouts/application (2.0ms)
Completed 500 Internal Server Error in 6ms (ActiveRecord: 0.0ms)


  
ActionView::Template::Error (First argument in form cannot contain nil or be empty):
    3: 
    4: <div class="row">
    5:   <div class="col-md-6 col-md-offset-3">
    6:     <%= form_for(@events) do |f| %>
    7: 
    8:       <%= f.label :date %>
    9:       <%= f.email_field :date %>
  
app/views/events/new.html.erb:6:in `_app_views_events_new_html_erb__866715199404980436_70003021685480'
Started GET "/events/new" for 127.0.0.1 at 2017-11-03 18:40:03 +0100
Processing by EventsController#new as HTML
  Rendering events/new.html.erb within layouts/application
  Rendered events/new.html.erb within layouts/application (1.4ms)
Completed 500 Internal Server Error in 4ms (ActiveRecord: 0.0ms)


  
ActionView::Template::Error (First argument in form cannot contain nil or be empty):
    3: 
    4: <div class="row">
    5:   <div class="col-md-6 col-md-offset-3">
    6:     <%= form_for(@events) do |f| %>
    7: 
    8:       <%= f.label :date %>
    9:       <%= f.email_field :date %>
  
app/views/events/new.html.erb:6:in `_app_views_events_new_html_erb__866715199404980436_70003009086860'
Started GET "/events/new" for 127.0.0.1 at 2017-11-03 18:40:25 +0100
Processing by EventsController#new as HTML
  Rendering events/new.html.erb within layouts/application
  Rendered events/new.html.erb within layouts/application (1.6ms)
Completed 500 Internal Server Error in 5ms (ActiveRecord: 0.0ms)


  
ActionView::Template::Error (First argument in form cannot contain nil or be empty):
    3: 
    4: <div class="row">
    5:   <div class="col-md-6 col-md-offset-3">
    6:     <%= form_for(@events) do |f| %>
    7: 
    8:       <%= f.label :date %>
    9:       <%= f.email_field :date %>
  
app/views/events/new.html.erb:6:in `_app_views_events_new_html_erb__866715199404980436_70003014535780'
Started GET "/events/new" for 127.0.0.1 at 2017-11-03 18:40:48 +0100
Processing by EventsController#new as HTML
  Rendering events/new.html.erb within layouts/application
  Rendered events/new.html.erb within layouts/application (2.8ms)
Completed 200 OK in 24ms (Views: 22.7ms | ActiveRecord: 0.0ms)


Started GET "/events/new" for 127.0.0.1 at 2017-11-03 18:41:30 +0100
Processing by EventsController#new as HTML
  Rendering events/new.html.erb within layouts/application
  Rendered events/new.html.erb within layouts/application (2.9ms)
Completed 200 OK in 21ms (Views: 19.6ms | ActiveRecord: 0.0ms)


Started GET "/events/new" for 127.0.0.1 at 2017-11-03 18:41:38 +0100
Processing by EventsController#new as HTML
  Rendering events/new.html.erb within layouts/application
  Rendered events/new.html.erb within layouts/application (2.2ms)
Completed 200 OK in 23ms (Views: 22.2ms | ActiveRecord: 0.0ms)


Started GET "/events/new" for 127.0.0.1 at 2017-11-03 18:46:41 +0100
Processing by EventsController#new as HTML
  Rendering events/new.html.erb within layouts/application
  Rendered events/new.html.erb within layouts/application (2.2ms)
Completed 200 OK in 30ms (Views: 16.3ms | ActiveRecord: 0.8ms)


Started GET "/events/new" for 127.0.0.1 at 2017-11-03 18:47:05 +0100
Processing by EventsController#new as HTML
  Rendering events/new.html.erb within layouts/application
  Rendered events/new.html.erb within layouts/application (2.4ms)
Completed 200 OK in 31ms (Views: 17.1ms | ActiveRecord: 1.1ms)


Started GET "/events/new" for 127.0.0.1 at 2017-11-03 18:47:06 +0100
Processing by EventsController#new as HTML
  Rendering events/new.html.erb within layouts/application
  Rendered events/new.html.erb within layouts/application (2.2ms)
Completed 200 OK in 17ms (Views: 16.1ms | ActiveRecord: 0.0ms)


